info: SIT.Manager.Services.VersionService[0] @ 2024-06-18T03:26:19.6230072+03:00
      EFT Version is now: 0.14.1.3.29351
info: SIT.Manager.Services.VersionService[0] @ 2024-06-18T03:26:19.6459165+03:00
      SIT Version is now: 1.10.8882.41069
info: Polly[ExecutionAttempt] @ 2024-06-18T03:26:19.9393358+03:00
      Execution attempt. Source: 'default-pipeline/(null)/Retry', Operation Key: '', Result: '200', Handled: 'False', Attempt: '0', Execution Time: '112.2674'
info: Polly[ExecutionAttempt] @ 2024-06-18T03:26:20.2320326+03:00
      Execution attempt. Source: 'default-pipeline/(null)/Retry', Operation Key: '', Result: '200', Handled: 'False', Attempt: '0', Execution Time: '243.8059'
info: Polly[ExecutionAttempt] @ 2024-06-18T03:26:20.2619393+03:00
      Execution attempt. Source: 'ping-pipeline/(null)/Retry', Operation Key: '', Result: '200', Handled: 'False', Attempt: '0', Execution Time: '23.5098'
info: Polly[ExecutionAttempt] @ 2024-06-18T03:26:21.7836030+03:00
      Execution attempt. Source: 'ping-pipeline/(null)/Retry', Operation Key: '', Result: '200', Handled: 'False', Attempt: '0', Execution Time: '22.5659'
info: Polly[ExecutionAttempt] @ 2024-06-18T03:26:36.8250770+03:00
      Execution attempt. Source: 'ping-pipeline/(null)/Retry', Operation Key: '', Result: '200', Handled: 'False', Attempt: '0', Execution Time: '40.3806'
info: Polly[ExecutionAttempt] @ 2024-06-18T03:26:40.2713423+03:00
      Execution attempt. Source: 'default-pipeline/(null)/Retry', Operation Key: '', Result: '200', Handled: 'False', Attempt: '0', Execution Time: '20.7263'
info: Polly[ExecutionAttempt] @ 2024-06-18T03:26:40.2917799+03:00
      Execution attempt. Source: 'ping-pipeline/(null)/Retry', Operation Key: '', Result: '200', Handled: 'False', Attempt: '0', Execution Time: '19.8591'
info: Polly[ExecutionAttempt] @ 2024-06-18T03:26:49.2729381+03:00
      Execution attempt. Source: 'default-pipeline/(null)/Retry', Operation Key: '', Result: '200', Handled: 'False', Attempt: '0', Execution Time: '45.2398'
info: Polly[ExecutionAttempt] @ 2024-06-18T03:26:49.3496331+03:00
      Execution attempt. Source: 'default-pipeline/(null)/Retry', Operation Key: '', Result: '200', Handled: 'False', Attempt: '0', Execution Time: '66.3537'
info: Polly[ExecutionAttempt] @ 2024-06-18T03:26:49.3718176+03:00
      Execution attempt. Source: 'default-pipeline/(null)/Retry', Operation Key: '', Result: '200', Handled: 'False', Attempt: '0', Execution Time: '88.5064'
info: Polly[ExecutionAttempt] @ 2024-06-18T03:26:49.3735270+03:00
      Execution attempt. Source: 'default-pipeline/(null)/Retry', Operation Key: '', Result: '200', Handled: 'False', Attempt: '0', Execution Time: '89.2325'
info: Polly[ExecutionAttempt] @ 2024-06-18T03:26:49.3768790+03:00
      Execution attempt. Source: 'default-pipeline/(null)/Retry', Operation Key: '', Result: '200', Handled: 'False', Attempt: '0', Execution Time: '93.2593'
info: Polly[ExecutionAttempt] @ 2024-06-18T03:26:49.3781549+03:00
      Execution attempt. Source: 'default-pipeline/(null)/Retry', Operation Key: '', Result: '200', Handled: 'False', Attempt: '0', Execution Time: '93.7421'
info: Polly[ExecutionAttempt] @ 2024-06-18T03:26:49.3823968+03:00
      Execution attempt. Source: 'default-pipeline/(null)/Retry', Operation Key: '', Result: '200', Handled: 'False', Attempt: '0', Execution Time: '97.3732'
info: Polly[ExecutionAttempt] @ 2024-06-18T03:26:49.3839627+03:00
      Execution attempt. Source: 'default-pipeline/(null)/Retry', Operation Key: '', Result: '200', Handled: 'False', Attempt: '0', Execution Time: '98.8925'
info: Polly[ExecutionAttempt] @ 2024-06-18T03:26:49.4057999+03:00
      Execution attempt. Source: 'default-pipeline/(null)/Retry', Operation Key: '', Result: '200', Handled: 'False', Attempt: '0', Execution Time: '122.5082'
info: Polly[ExecutionAttempt] @ 2024-06-18T03:26:49.4282729+03:00
      Execution attempt. Source: 'default-pipeline/(null)/Retry', Operation Key: '', Result: '200', Handled: 'False', Attempt: '0', Execution Time: '142.2999'
info: Polly[ExecutionAttempt] @ 2024-06-18T03:26:49.4311249+03:00
      Execution attempt. Source: 'default-pipeline/(null)/Retry', Operation Key: '', Result: '200', Handled: 'False', Attempt: '0', Execution Time: '146.0728'
info: Polly[ExecutionAttempt] @ 2024-06-18T03:26:49.4707657+03:00
      Execution attempt. Source: 'default-pipeline/(null)/Retry', Operation Key: '', Result: '200', Handled: 'False', Attempt: '0', Execution Time: '186.997'
info: Polly[ExecutionAttempt] @ 2024-06-18T03:26:49.4901650+03:00
      Execution attempt. Source: 'default-pipeline/(null)/Retry', Operation Key: '', Result: '200', Handled: 'False', Attempt: '0', Execution Time: '204.7745'
info: Polly[ExecutionAttempt] @ 2024-06-18T03:26:49.4918885+03:00
      Execution attempt. Source: 'default-pipeline/(null)/Retry', Operation Key: '', Result: '200', Handled: 'False', Attempt: '0', Execution Time: '205.947'
info: Polly[ExecutionAttempt] @ 2024-06-18T03:26:49.4964244+03:00
      Execution attempt. Source: 'default-pipeline/(null)/Retry', Operation Key: '', Result: '200', Handled: 'False', Attempt: '0', Execution Time: '210.2507'
info: Polly[ExecutionAttempt] @ 2024-06-18T03:26:49.5010462+03:00
      Execution attempt. Source: 'default-pipeline/(null)/Retry', Operation Key: '', Result: '200', Handled: 'False', Attempt: '0', Execution Time: '215.8864'
info: Polly[ExecutionAttempt] @ 2024-06-18T03:26:49.5035760+03:00
      Execution attempt. Source: 'default-pipeline/(null)/Retry', Operation Key: '', Result: '200', Handled: 'False', Attempt: '0', Execution Time: '219.9485'
info: Polly[ExecutionAttempt] @ 2024-06-18T03:26:49.5087008+03:00
      Execution attempt. Source: 'default-pipeline/(null)/Retry', Operation Key: '', Result: '200', Handled: 'False', Attempt: '0', Execution Time: '222.5051'
info: Polly[ExecutionAttempt] @ 2024-06-18T03:26:49.8038619+03:00
      Execution attempt. Source: 'default-pipeline/(null)/Retry', Operation Key: '', Result: '200', Handled: 'False', Attempt: '0', Execution Time: '517.6481'
info: SIT.Manager.Services.VersionService[0] @ 2024-06-18T03:27:05.2567479+03:00
      EFT Version is now: 0.14.1.3.29351
info: SIT.Manager.Services.VersionService[0] @ 2024-06-18T03:27:05.2782618+03:00
      SIT Version is now: 1.10.8882.41069
info: Polly[ExecutionAttempt] @ 2024-06-18T03:27:05.5700891+03:00
      Execution attempt. Source: 'default-pipeline/(null)/Retry', Operation Key: '', Result: '200', Handled: 'False', Attempt: '0', Execution Time: '113.4892'
info: Polly[ExecutionAttempt] @ 2024-06-18T03:27:05.8563646+03:00
      Execution attempt. Source: 'default-pipeline/(null)/Retry', Operation Key: '', Result: '200', Handled: 'False', Attempt: '0', Execution Time: '236.4422'
info: Polly[ExecutionAttempt] @ 2024-06-18T03:27:05.8872160+03:00
      Execution attempt. Source: 'ping-pipeline/(null)/Retry', Operation Key: '', Result: '200', Handled: 'False', Attempt: '0', Execution Time: '24.8732'
info: Polly[ExecutionAttempt] @ 2024-06-18T03:27:08.1573630+03:00
      Execution attempt. Source: 'ping-pipeline/(null)/Retry', Operation Key: '', Result: '200', Handled: 'False', Attempt: '0', Execution Time: '757.1577'
