[Message:   BepInEx] BepInEx 5.4.22.0 - EscapeFromTarkov (3/28/2024 8:24:10 PM)
[Info   :   BepInEx] Running under Unity v0.14.1.2935
[Info   :   BepInEx] CLR runtime version: 4.0.30319.42000
[Info   :   BepInEx] Supports SRE: True
[Info   :   BepInEx] System platform: Bits64, Windows
[Message:   BepInEx] Preloader started
[Info   :   BepInEx] Loaded 1 patcher method from [BepInEx.Preloader 5.4.22.0]
[Info   :   BepInEx] 1 patcher plugin loaded
[Info   :   BepInEx] Patching [UnityEngine.CoreModule] with [BepInEx.Chainloader]
[Message:   BepInEx] Preloader finished
[Message:   BepInEx] Chainloader ready
[Message:   BepInEx] Chainloader started
[Info   :   BepInEx] 18 plugins to load
[Info   :   BepInEx] Loading [Graphics 1.5.3]
[Info   :   BepInEx] Loading [Configuration Manager 18.0.1]
[Info   :   BepInEx] Loading [CactusPie.FastSearch 1.1.0]
[Info   :   BepInEx] Loading [CactusPie.RamCleanerInterval 1.0.0]
[Info   :   BepInEx] Loading [cwx-bushwhacker 1.4.0]
[Info   :   BepInEx] Loading [CWX-GrassCutter 1.0.0]
[Info   :ModulePatch] Enabled patch GrassCutterPatch
[Info   :   BepInEx] Loading [DrakiaXYZ-Waypoints 1.3.0]
[Info   :DrakiaXYZ-Waypoints] Remember to install navmashes to Y:\EFT.014\0.14.1.3.29351\BepInEx\plugins\navmesh for Waypoints to work!
[Info   :ModulePatch] Enabled patch DebugPatch
[Info   :ModulePatch] Enabled patch EditorPatch
[Info   :ModulePatch] Enabled patch DoorBlockerPatch
[Info   :   BepInEx] Loading [DrakiaXYZ-BigBrain 0.3.2.0]
[Info   :DrakiaXYZ-BigBrain] Loading: DrakiaXYZ-BigBrain
[Info   :ModulePatch] Enabled patch BotBaseBrainActivatePatch
[Info   :ModulePatch] Enabled patch BotBrainCreateLogicNodePatch
[Info   :ModulePatch] Enabled patch BotBaseBrainUpdatePatch
[Info   :ModulePatch] Enabled patch BotAgentUpdatePatch
[Info   :ModulePatch] Enabled patch BotBaseBrainActivateLayerPatch
[Info   :ModulePatch] Enabled patch BotBaseBrainAddLayerPatch
[Info   :DrakiaXYZ-BigBrain] Completed: DrakiaXYZ-BigBrain
[Info   :   BepInEx] Loading [DanW-QuestingBots 0.4.2]
[Info   :DanW-QuestingBots] Loading QuestingBots...
[Info   :DanW-QuestingBots] Loading QuestingBots...getting configuration data...
[Info   :RequestHandler] Request GET json: 66065f180000d3643b8fce20:http://194.147.78.68:6969/QuestingBots/GetConfig
[Info   :RequestHandler] Request was successful
[Info   :DanW-QuestingBots] Loading QuestingBots...enabling patches and controllers...
[Info   :ModulePatch] Enabled patch AddActivePlayerPatch
[Info   :ModulePatch] Enabled patch BotsControllerStopPatch
[Info   :ModulePatch] Enabled patch OnGameStartedPatch
[Info   :ModulePatch] Enabled patch BotOwnerBrainActivatePatch
[Info   :ModulePatch] Enabled patch IsFollowerSuitableForBossPatch
[Info   :ModulePatch] Enabled patch OnBeenKilledByAggressorPatch
[Info   :ModulePatch] Enabled patch AirdropLandPatch
[Info   :DanW-QuestingBots] Found type for ServerRequestPatch: TarkovRequest
[Info   :ModulePatch] Enabled patch ServerRequestPatch
[Info   :ModulePatch] Enabled patch CheckLookEnemyPatch
[Info   :ModulePatch] Enabled patch GameStartPatch
[Info   :ModulePatch] Enabled patch MatchmakerFinalCountdownUpdatePatch
[Info   :ModulePatch] Enabled patch ActivateBotsByWavePatch
[Info   :ModulePatch] Enabled patch AddEnemyPatch
[Info   :ModulePatch] Enabled patch BossLocationSpawnActivatePatch
[Info   :ModulePatch] Enabled patch GetListByZonePatch
[Info   :DanW-QuestingBots] Found type for ExceptAIPatch: GClass2907
[Info   :ModulePatch] Enabled patch ExceptAIPatch
[Info   :ModulePatch] Enabled patch BotDiedPatch
[Info   :ModulePatch] Enabled patch TryToSpawnInZoneAndDelayPatch
[Info   :DanW-QuestingBots] Bot spawning is enabled. Adjusting PMC conversion chances...
[Info   :RequestHandler] Request GET json: 66065f180000d3643b8fce20:http://194.147.78.68:6969/QuestingBots/AdjustPMCConversionChances/0/False
[Info   :RequestHandler] Request was successful
[Info   :DanW-QuestingBots] Loading QuestingBots...changing bot brains for sleeping: Assault, CursAssault, Obdolbs, BossBully, BossSanitar, BossGluhar, BossKojaniy, BossBoar, Tagilla, Killa, ExUsec, PMC, Knight, ArenaFighter, FollowerBully, FollowerSanitar, TagillaFollower, FollowerGluharAssault, FollowerGluharProtect, FollowerGluharScout, FollowerKojaniy, BoarSniper, FlBoar, BigPipe, BirdEye, SectantWarrior, SectantPriest, Marksman, BossZryachiy, Fl_Zraychiy
[Info   :DanW-QuestingBots] Loading QuestingBots...changing bot brains for questing: Assault, CursAssault, Obdolbs, BossBully, BossSanitar, BossGluhar, BossKojaniy, BossBoar, Tagilla, Killa, ExUsec, PMC, Knight, ArenaFighter, FollowerBully, FollowerSanitar, TagillaFollower, FollowerGluharAssault, FollowerGluharProtect, FollowerGluharScout, FollowerKojaniy, BoarSniper, FlBoar, BigPipe, BirdEye, SectantWarrior, SectantPriest
[Info   :DanW-QuestingBots] Loading QuestingBots...changing bot brains for following: Assault, CursAssault, Obdolbs, BossBully, BossSanitar, BossGluhar, BossKojaniy, BossBoar, Tagilla, Killa, ExUsec, PMC, Knight, ArenaFighter, FollowerBully, FollowerSanitar, TagillaFollower, FollowerGluharAssault, FollowerGluharProtect, FollowerGluharScout, FollowerKojaniy, BoarSniper, FlBoar, BigPipe, BirdEye, SectantWarrior, SectantPriest, Marksman, BossZryachiy, Fl_Zraychiy
[Info   :DanW-QuestingBots] Loading QuestingBots...done.
[Info   :   BepInEx] Loading [Dynamic External Resolution 1.3.0]
[Info   :ModulePatch] Enabled patch OpticSightOnEnablePath
[Info   :ModulePatch] Enabled patch OpticSightOnDisablePath
[Info   :ModulePatch] Enabled patch ClientFirearmControllerChangeAimingModePath
[Info   :Dynamic External Resolution] Plugin Dynamic External Resolution is loaded!
[Info   :   BepInEx] Loading [StayInTarkov 1.10.0]
[Info   :SIT.Tarkov.Core.PatchConstants] PatchConstants: 12863 EftTypes found
[Info   :SIT.Tarkov.Core.PatchConstants] PatchConstants: 55 JsonConverters found
[Info   :ModulePatch] Enabled patch VersionLabelPatch
[Warning:LanguageList] SIT.Localization fallback to English
[Info   :StayInTarkov] EnableCorePatches
[Info   :ModulePatch] Enabled patch ConsistencySinglePatch
[Info   :ModulePatch] Enabled patch ConsistencyMultiPatch
[Info   :ModulePatch] Enabled patch RunFilesCheckingPatch
[Info   :ModulePatch] Enabled patch AntiCheatPatch
[Info   :ModulePatch] Enabled patch BattlEyePatchFirstPassRun
[Info   :ModulePatch] Enabled patch BattlEyePatchFirstPassUpdate
[Info   :ModulePatch] Enabled patch SslCertificatePatch
[Info   :ModulePatch] Enabled patch UnityWebRequestPatch
[Info   :ModulePatch] Enabled patch SendCommandsPatch
[Info   :ModulePatch] Enabled patch TransportPrefixPatch
[Info   :ModulePatch] Enabled patch WebSocketPatch
[Info   :SIT.Tarkov.Core.PatchConstants] [Bundle Manager] Bundles are same. Using cached Bundles
[Info   :ModulePatch] Enabled patch EasyAssetsPatch
[Info   :ModulePatch] Enabled patch EasyBundlePatch
[Warning:  HarmonyX] AssignHealthControllerToPlayerInRaid: You should only patch implemented methods/constructors to avoid issues. Patch the declared method virtual System.Threading.Tasks.Task EFT.Player::Init(UnityEngine.Quaternion rotation, string layerName, EFT.EPointOfView pointOfView, EFT.Profile profile, InventoryControllerClass inventoryController, EFT.HealthSystem.IHealthController healthController, EFT.IStatisticsManager statisticsManager, AbstractQuestControllerClass questController, AbstractAchievementControllerClass achievementsController, IFilterCustomization filter, EFT.Player+EVoipState voipState, bool aiControlled, bool async) instead of virtual System.Threading.Tasks.Task EFT.Player::Init(UnityEngine.Quaternion rotation, string layerName, EFT.EPointOfView pointOfView, EFT.Profile profile, InventoryControllerClass inventoryController, EFT.HealthSystem.IHealthController healthController, EFT.IStatisticsManager statisticsManager, AbstractQuestControllerClass questController, AbstractAchievementControllerClass achievementsController, IFilterCustomization filter, EFT.Player+EVoipState voipState, bool aiControlled, bool async).
[Info   :ModulePatch] Enabled patch AssignHealthControllerToPlayerInRaid
[Info   :ModulePatch] ChangeHealth:EFT.HealthSystem.ActiveHealthController
[Info   :ModulePatch] ChangeHealth:ChangeHealth
[Info   :ModulePatch] Enabled patch ChangeHealthPatch
[Warning:  HarmonyX] ChangeHydrationPatch: You should only patch implemented methods/constructors to avoid issues. Patch the declared method void EFT.HealthSystem.ActiveHealthController::ChangeHydration(float value) instead of void EFT.HealthSystem.ActiveHealthController::ChangeHydration(float value).
[Info   :ModulePatch] Enabled patch ChangeHydrationPatch
[Warning:  HarmonyX] ChangeEnergyPatch: You should only patch implemented methods/constructors to avoid issues. Patch the declared method void EFT.HealthSystem.ActiveHealthController::ChangeEnergy(float value) instead of void EFT.HealthSystem.ActiveHealthController::ChangeEnergy(float value).
[Info   :ModulePatch] Enabled patch ChangeEnergyPatch
[Info   :ModulePatch] Enabled patch PHC_HandleFall_Patch
[Info   :ModulePatch] Enabled patch MainMenuControllerForHealthListenerPatch
[Info   :ModulePatch] Enabled patch RemoveReadyButtonPatch
[Info   :ModulePatch] Enabled patch OfflineSettingsScreenPatch
[Info   :ModulePatch] OfflineDisplayProgressPatch:Method Name:method_47
[Info   :ModulePatch] Enabled patch OfflineDisplayProgressPatch
[Info   :ModulePatch] Enabled patch OfflineSaveProfile
[Info   :ModulePatch] Enabled patch CoreDifficultyPatch
[Info   :ModulePatch] Enabled patch BotDifficultyPatch
[Info   :ModulePatch] Enabled patch BotSettingsRepoClassIsFollowerFixPatch
[Info   :ModulePatch] Enabled patch BotSelfEnemyPatch
[Info   :ModulePatch] Enabled patch PmcFirstAidPatch
[Info   :ModulePatch] Enabled patch SpawnProcessNegativeValuePatch
[Info   :ModulePatch] Enabled patch LocationLootCacheBustingPatch
[Info   :ModulePatch] Enabled patch FixBrokenSpawnOnSandboxPatch
[Info   :ModulePatch] Enabled patch IsEnemyPatch
[Info   :ModulePatch] Enabled patch QTEPatch
[Info   :      Coop] Stay in Tarkov - Enabling Coop Patches
[Info   :ModulePatch] Enabled patch TarkovApplication_LocalGameCreator_Patch
[Info   :ModulePatch] Enabled patch LoadLocationLootPatch
[Info   :ModulePatch] Enabled patch MatchmakerAcceptScreenAwakePatch
[Info   :ModulePatch] Enabled patch MatchmakerAcceptScreenShowPatch
[Info   :ModulePatch] Enabled patch AirdropFlarePatch
[Info   :ModulePatch] Enabled patch Ammo_CachedReadOnlyAttributes_Patch
[Info   :StayInTarkov] Stay in Tarkov is loaded!
[Info   :   BepInEx] Loading [PaulovTraderScreenScrollbar 1.0.0.0]
[Info   :ModulePatch] Enabled patch TraderScreensGroupPatch
[Info   :   BepInEx] Loading [AKI.Singleplayer 1.0.0.0]
[Info   :AKI.Singleplayer] Loading: Aki.SinglePlayer
[Info   :ModulePatch] Enabled patch ExperienceGainPatch
[Info   :ModulePatch] Enabled patch MidRaidQuestChangePatch
[Info   :ModulePatch] Enabled patch MidRaidAchievementChangePatch
[Info   :ModulePatch] Enabled patch InsuranceScreenPatch
[Info   :ModulePatch] Enabled patch GetNewBotTemplatesPatch
[Info   :ModulePatch] Enabled patch DogtagPatch
[Info   :ModulePatch] Enabled patch PostRaidHealingPricePatch
[Info   :ModulePatch] Enabled patch EndByTimerPatch
[Info   :ModulePatch] Enabled patch PostRaidHealScreenPatch
[Info   :ModulePatch] Enabled patch LighthouseBridgePatch
[Info   :ModulePatch] Enabled patch LighthouseTransmitterPatch
[Info   :ModulePatch] Enabled patch LabsKeycardRemovalPatch
[Info   :ModulePatch] Enabled patch AmmoUsedCounterPatch
[Info   :ModulePatch] Enabled patch ArmorDamageCounterPatch
[Info   :ModulePatch] Enabled patch ScavExperienceGainPatch
[Info   :ModulePatch] ScavPrefabLoadPatch:PatchTranspile
[Info   :ModulePatch] BackendProfileInterfaceType:GInterface146
[Info   :ModulePatch] Enabled patch ScavPrefabLoadPatch
[Info   :ModulePatch] Enabled patch ScavProfileLoadPatch
[Info   :ModulePatch] Enabled patch ScavExfilPatch
[Info   :ModulePatch] Enabled patch ScavLateStartPatch
[Info   :ModulePatch] Enabled patch ExfilPointManagerPatch
[Info   :ModulePatch] Enabled patch ScavProfileLoadCoopPatch
[Info   :ModulePatch] Enabled patch ScavQuestPatch
[Info   :ModulePatch] Enabled patch ScavSellAllRequestPatch
[Info   :ModulePatch] Enabled patch ScavSellAllPriceStorePatch
[Info   :ModulePatch] Enabled patch ScavEncyclopediaPatch
[Info   :ModulePatch] Enabled patch ScavItemCheckmarkPatch
[Info   :ModulePatch] Enabled patch IsHostileToEverybodyPatch
[Info   :ModulePatch] Enabled patch ScavRepAdjustmentPatch
[Info   :AKI.Singleplayer] Completed: Aki.SinglePlayer
[Info   :   BepInEx] Loading [TYR_DeHazardifier 1.0.2]
[Info   :ModulePatch] Enabled patch MinefieldTriggerPatch
[Info   :ModulePatch] Enabled patch MinefieldCoroutinePatch
[Info   :ModulePatch] Enabled patch MinefieldDamagePatch
[Info   :ModulePatch] Enabled patch MinefieldViewTriggerPatch
[Info   :ModulePatch] Enabled patch MineDirectionalAwakePatch
[Info   :ModulePatch] Enabled patch MineDirectionalTriggerPatch
[Info   :ModulePatch] Enabled patch MineDirectionalTriggerColliderPatch
[Info   :ModulePatch] Enabled patch MineDirectionalDamagePatch
[Info   :ModulePatch] Enabled patch BarbedWireDamagePatch
[Info   :ModulePatch] Enabled patch BarbedWireSpeedPenaltyPatch
[Info   :ModulePatch] Enabled patch BarbedWireSpeedPenalty2Patch
[Info   :ModulePatch] Enabled patch SniperImitatorAwakePatch
[Info   :ModulePatch] Enabled patch SniperImitatorDamagePatch
[Info   :ModulePatch] Enabled patch SniperImitatorShootPatch
[Info   :ModulePatch] Enabled patch SniperFiringZoneShootPatch
[Info   :ModulePatch] Enabled patch SniperFiringZoneCoroutinePatch
[Info   :ModulePatch] Enabled patch SniperFiringZoneTargetPatch
[Info   :ModulePatch] Enabled patch SniperFiringZoneTarget2Patch
[Info   :ModulePatch] Enabled patch FlameDamageTriggerPatch
[Info   :   BepInEx] Loading [LootingBots 1.2.1]
[Info   :ModulePatch] Enabled patch CleanCacheOnRaidEnd
[Info   :ModulePatch] Enabled patch EnableWeaponSwitching
[Info   :ModulePatch] Enabled patch InteractPatch
[Info   :ModulePatch] Enabled patch InventoryClosePatch
[Info   :ModulePatch] Enabled patch RemoveComponent
[Info   :   BepInEx] Loading [SAIN 2.1.9]
[Info   :ModulePatch] Enabled patch UpdateEFTSettingsPatch
[Info   :ModulePatch] Enabled patch KickPatch
[Info   :ModulePatch] Enabled patch GetBotController
[Info   :ModulePatch] Enabled patch GetBotSpawner
[Info   :ModulePatch] Enabled patch GrenadeThrownActionPatch
[Info   :ModulePatch] Enabled patch GrenadeExplosionActionPatch
[Info   :ModulePatch] Enabled patch BotGroupAddEnemyPatch
[Info   :ModulePatch] Enabled patch BotMemoryAddEnemyPatch
[Info   :ModulePatch] Enabled patch TryPlayShootSoundPatch
[Info   :ModulePatch] Enabled patch HearingSensorPatch
[Info   :ModulePatch] Enabled patch BetterAudioPatch
[Info   :ModulePatch] Enabled patch PlayerTalkPatch
[Info   :ModulePatch] Enabled patch TalkDisablePatch1
[Info   :ModulePatch] Enabled patch TalkDisablePatch2
[Info   :ModulePatch] Enabled patch TalkDisablePatch3
[Info   :ModulePatch] Enabled patch TalkDisablePatch4
[Info   :ModulePatch] Enabled patch NoAIESPPatch
[Info   :ModulePatch] Enabled patch VisionSpeedPatch
[Info   :ModulePatch] Enabled patch VisibleDistancePatch
[Info   :ModulePatch] Enabled patch CheckFlashlightPatch
[Info   :ModulePatch] Enabled patch AimTimePatch
[Info   :ModulePatch] Enabled patch AimOffsetPatch
[Info   :ModulePatch] Enabled patch RecoilPatch
[Info   :ModulePatch] Enabled patch LoseRecoilPatch
[Info   :ModulePatch] Enabled patch EndRecoilPatch
[Info   :ModulePatch] Enabled patch FullAutoPatch
[Info   :ModulePatch] Enabled patch SemiAutoPatch
[Info   :ModulePatch] Enabled patch AddComponentPatch
[Info   :   BepInEx] Loading [MoreCheckmarks 1.5.9]
[Info   :   BepInEx] Loading [DrakiaXYZ-SearchOpenContainers 1.0.2]
[Info   :DrakiaXYZ-SearchOpenContainers] [SearchOpenContainers] Loading...
[Info   :ModulePatch] Enabled patch ContainerMenuPatch
[Info   :DrakiaXYZ-SearchOpenContainers] [SearchOpenContainers] Loaded!
[Message:   BepInEx] Chainloader startup complete
[Info   :ModulePatch] Enabled patch AmandsLocalPlayerPatch
[Info   :ModulePatch] Enabled patch AmandsGraphicsNVGPatch
[Info   :ModulePatch] Enabled patch AmandsGraphicsApplyNVGPatch
[Warning:  HarmonyX] AmandsGraphicsHBAOPatch: You should only patch implemented methods/constructors to avoid issues. Patch the declared method void HBAO_Core::ApplyPreset(HBAO_Core+Preset preset) instead of void HBAO_Core::ApplyPreset(HBAO_Core+Preset preset).
[Info   :ModulePatch] Enabled patch AmandsGraphicsHBAOPatch
[Info   :ModulePatch] Enabled patch AmandsGraphicsPrismEffectsPatch
[Info   :ModulePatch] Enabled patch AmandsGraphicsOpticPatch
[Info   :ModulePatch] Enabled patch AmandsGraphicsOpticSightPatch
[Info   :ModulePatch] Enabled patch AmandsGraphicsCameraClassPatch
[Info   :ModulePatch] Enabled patch AmandsGraphicsmethod_22Patch
[Info   :ModulePatch] Enabled patch AmandsGraphicsTacticalComboVisualControllerPatch
[Info   :ModulePatch] Enabled patch AmandsGraphicsFastBlurPatch
[Info   :ModulePatch] Enabled patch AmandsGraphicsMethod_7Patch
[Info   :ModulePatch] Enabled patch AmandsGraphicsFastBlurHitPatch
[Info   :ModulePatch] Enabled patch AmandsBattleUIScreenPatch
[Info   :ModulePatch] Enabled patch AmandsEffectsControllerPatch
[Info   :CactusPie.FastSearch] Search time reduction
[Info   :ModulePatch] Enabled patch SearchTimePatch
[Info   :ModulePatch] Enabled patch SearchInitialDelayPatch
[Info   :ModulePatch] Enabled patch AutoUncoverPatch
[Info   :ModulePatch] Enabled patch BushWhackerPatch
[Info   :MoreCheckmarks] MoreCheckmarks Started
[Info   :MoreCheckmarks] Configs loaded
[Info   :MoreCheckmarks] Assets loaded
[Info   :MoreCheckmarks] Loading data
[Info   :MoreCheckmarks] 	Quests
[Info   :RequestHandler] Request GET json: 66065f180000d3643b8fce20:http://194.147.78.68:6969/MoreCheckmarksRoutes/quests
[Info   :RequestHandler] Request was successful
[Info   :MoreCheckmarks] 	Items
[Info   :RequestHandler] Request GET json: 66065f180000d3643b8fce20:http://194.147.78.68:6969/MoreCheckmarksRoutes/items
[Info   :RequestHandler] Request was successful
[Info   :MoreCheckmarks] 	Assorts
[Info   :RequestHandler] Request GET json: 66065f180000d3643b8fce20:http://194.147.78.68:6969/MoreCheckmarksRoutes/assorts
[Info   :RequestHandler] Request was successful
[Info   :MoreCheckmarks] 	Productions
[Info   :RequestHandler] Request GET json: 66065f180000d3643b8fce20:http://194.147.78.68:6969/MoreCheckmarksRoutes/productions
[Info   :RequestHandler] Request was successful
[Info   :RegistryManager] RegistryManager:Found Exe Y:\TarkovOrig\EscapeFromTarkov.exe using InstallLocation key
[Info   :SIT.Tarkov.Core.PatchConstants] Official EFT Found. Thanks for supporting BSG.
[Info   :SITIPAddressManager] External IP Discovered: 10.2.35.225
[Info   :StayInTarkov] Version Check: Detected:0.14.1.3.29351
[Info   :StayInTarkov] Version Check: OK.
[Info   :ModDetection] [.CheckPlugins.Update]: [SAIN: Looting Bots Detected.]
[Info   :MoreCheckmarks] Loading data
[Info   :MoreCheckmarks] 	Quests
[Info   :RequestHandler] Request GET json: 66065f180000d3643b8fce20:http://194.147.78.68:6969/MoreCheckmarksRoutes/quests
[Info   :RequestHandler] Request was successful
[Info   :MoreCheckmarks] 	Items
[Info   :MoreCheckmarks] 	Assorts
[Info   :RequestHandler] Request GET json: 66065f180000d3643b8fce20:http://194.147.78.68:6969/MoreCheckmarksRoutes/assorts
[Info   :RequestHandler] Request was successful
[Info   :MoreCheckmarks] 	Productions
[Info   :RequestHandler] Request GET json: 66065f180000d3643b8fce20:http://194.147.78.68:6969/MoreCheckmarksRoutes/productions
[Info   :RequestHandler] Request was successful
[Info   :LootingBots] Initializing item appraiser
[Info   :MoreCheckmarks] Quest Проба пера queststatus set to Success
[Info   :MoreCheckmarks] Quest Проверка на вшивость queststatus set to Success
[Info   :MoreCheckmarks] Quest Пикник со стрельбой queststatus set to Started
[Info   :MoreCheckmarks] Quest Посылка из прошлого queststatus set to Success
[Info   :MoreCheckmarks] Quest Дефицит queststatus set to Success
[Info   :MoreCheckmarks] Quest Санэпиднадзор - Часть 1 queststatus set to Success
[Info   :MoreCheckmarks] Quest Операция "Водолей" - Часть 1 queststatus set to Success
[Info   :MoreCheckmarks] Quest Операция "Водолей" - Часть 2 queststatus set to Started
[Info   :MoreCheckmarks] Quest Санэпиднадзор - Часть 2 queststatus set to Started
[Info   :MoreCheckmarks] Quest Снабженец queststatus set to Success
[Info   :MoreCheckmarks] Quest Вымогатель queststatus set to Success
[Info   :MoreCheckmarks] Quest Движуха queststatus set to Started
[Info   :MoreCheckmarks] Quest Что на флешке? queststatus set to Started
[Info   :MoreCheckmarks] Quest Нефтянка queststatus set to Started
[Info   :MoreCheckmarks] Quest Друг с Запада - Часть 1 queststatus set to Success
[Info   :MoreCheckmarks] Quest Друг с Запада - Часть 2 queststatus set to Started
[Info   :MoreCheckmarks] Quest Оружейник - Часть 1 queststatus set to Started
[Info   :MoreCheckmarks] Quest Тарковский стрелок - Часть 1 queststatus set to Started
[Info   :MoreCheckmarks] Quest Тарковский стрелок - Часть 2 queststatus set to Started
[Info   :MoreCheckmarks] Quest Поручение queststatus set to Success
[Info   :MoreCheckmarks] Quest Знакомство queststatus set to Success
[Info   :MoreCheckmarks] Quest Путь выживальщика - Беззащитен, но опасен queststatus set to Started
[Info   :MoreCheckmarks] Quest Поисковая миссия queststatus set to Success
[Info   :MoreCheckmarks] Quest Первый в очереди queststatus set to Success
[Info   :MoreCheckmarks] Quest Стрельба по баночкам queststatus set to Success
[Info   :MoreCheckmarks] Quest Роскошная жизнь queststatus set to Success
[Info   :MoreCheckmarks] Quest По коням queststatus set to Success
[Info   :MoreCheckmarks] Quest Спасение крота queststatus set to Success
[Info   :MoreCheckmarks] Quest Устранение queststatus set to AvailableForStart
[Info   :MoreCheckmarks] Quest Выйти с локации queststatus set to AvailableForStart
[Info   :MoreCheckmarks] Quest Устранение queststatus set to AvailableForStart
[Warning:LootingBots] Clearing any active player loot
[Info   :ModulePatch] MatchmakerAcceptScreenAwakePatch.PatchPrefix
[Info   :ModulePatch] MatchmakerAcceptScreenShow.PatchPostfix
[Info   :SIT Matchmaker GUI] Start
[Info   :CoopSITGame] CoopGame.Create
[Info   :CoopSITGame] CoopGame:method_6
[Info   :ModulePatch] Enabled patch WeaponSoundPlayer_FireSonicSound_Patch
[Info   :ModulePatch] Enabled patch LootableContainer_Interact_Patch
[Warning:  HarmonyX] PlayerInventoryController_RechamberWeapon_Patch: You should only patch implemented methods/constructors to avoid issues. Patch the declared method void TraderControllerClass::RechamberWeapon(EFT.InventoryLogic.Weapon weapon, Comfort.Common.Callback callback) instead of void TraderControllerClass::RechamberWeapon(EFT.InventoryLogic.Weapon weapon, Comfort.Common.Callback callback).
[Warning:  HarmonyX] PlayerInventoryController_RechamberWeapon_Patch: You should only patch implemented methods/constructors to avoid issues. Patch the declared method void TraderControllerClass::RechamberWeapon(EFT.InventoryLogic.Weapon weapon, Comfort.Common.Callback callback) instead of void TraderControllerClass::RechamberWeapon(EFT.InventoryLogic.Weapon weapon, Comfort.Common.Callback callback).
[Info   :ModulePatch] Enabled patch PlayerInventoryController_RechamberWeapon_Patch
[Info   :ModulePatch] Enabled patch Player_Gesture_Patch
[Info   :ModulePatch] Enabled patch Player_SetInventoryOpened_Patch
[Info   :ModulePatch] Enabled patch Player_SwitchHeadLights_Patch
[Info   :ModulePatch] Enabled patch TraderControllerClassHasForeignEventsPatch
[Info   :ModulePatch] Enabled patch Player_TryProceed_Patch
[Info   :ModulePatch] Enabled patch RestoreBodyPartPatch
[Info   :CoopSITGame] Setting Spawn Point to (-354.7, 1.0, 239.6)
[Info   :MoreCheckmarks] Quest Проба пера queststatus set to Success
[Info   :MoreCheckmarks] Quest Проверка на вшивость queststatus set to Success
[Info   :MoreCheckmarks] Quest Пикник со стрельбой queststatus set to Started
[Info   :MoreCheckmarks] Quest Посылка из прошлого queststatus set to Success
[Info   :MoreCheckmarks] Quest Дефицит queststatus set to Success
[Info   :MoreCheckmarks] Quest Санэпиднадзор - Часть 1 queststatus set to Success
[Info   :MoreCheckmarks] Quest Операция "Водолей" - Часть 1 queststatus set to Success
[Info   :MoreCheckmarks] Quest Операция "Водолей" - Часть 2 queststatus set to Started
[Info   :MoreCheckmarks] Quest Санэпиднадзор - Часть 2 queststatus set to Started
[Info   :MoreCheckmarks] Quest Снабженец queststatus set to Success
[Info   :MoreCheckmarks] Quest Вымогатель queststatus set to Success
[Info   :MoreCheckmarks] Quest Движуха queststatus set to Started
[Info   :MoreCheckmarks] Quest Что на флешке? queststatus set to Started
[Info   :MoreCheckmarks] Quest Нефтянка queststatus set to Started
[Info   :MoreCheckmarks] Quest Друг с Запада - Часть 1 queststatus set to Success
[Info   :MoreCheckmarks] Quest Друг с Запада - Часть 2 queststatus set to Started
[Info   :MoreCheckmarks] Quest Оружейник - Часть 1 queststatus set to Started
[Info   :MoreCheckmarks] Quest Тарковский стрелок - Часть 1 queststatus set to Started
[Info   :MoreCheckmarks] Quest Тарковский стрелок - Часть 2 queststatus set to Started
[Info   :MoreCheckmarks] Quest Поручение queststatus set to Success
[Info   :MoreCheckmarks] Quest Знакомство queststatus set to Success
[Info   :MoreCheckmarks] Quest Путь выживальщика - Беззащитен, но опасен queststatus set to Started
[Info   :MoreCheckmarks] Quest Поисковая миссия queststatus set to Success
[Info   :MoreCheckmarks] Quest Первый в очереди queststatus set to Success
[Info   :MoreCheckmarks] Quest Стрельба по баночкам queststatus set to Success
[Info   :MoreCheckmarks] Quest Роскошная жизнь queststatus set to Success
[Info   :MoreCheckmarks] Quest По коням queststatus set to Success
[Info   :MoreCheckmarks] Quest Спасение крота queststatus set to Success
[Info   :MoreCheckmarks] Quest Устранение queststatus set to AvailableForStart
[Info   :MoreCheckmarks] Quest Выйти с локации queststatus set to AvailableForStart
[Info   :MoreCheckmarks] Quest Устранение queststatus set to AvailableForStart
[Info   :CoopPlayerStatisticsManager] CoopPlayerStatisticsManager:BeginStatisticsSession
[Info   :SIT.Tarkov.Core.PatchConstants] SpawnPlayersPacket.CreateInformationPacketFromPlayer
[Info   :SIT.Tarkov.Core.PatchConstants] Added Slot,ContainedItem to _cachedProperties
[Info   :SIT.Tarkov.Core.PatchConstants] SpawnPlayersPacket:Process
[Info   :SIT.Tarkov.Core.PatchConstants] Serialized RequestSpawnPlayersPacket
[Info   :CoopSITGame] Desired number of players reached. Starting the game.
[Info   :SIT.Tarkov.Core.PatchConstants] RequestSpawnPlayersPacket:Process
[Info   :SIT.Tarkov.Core.PatchConstants] SpawnPlayersPacket.CreateFromGame
[Info   :SIT.Tarkov.Core.PatchConstants] SpawnPlayersPacket.CreateFromGame.Sending 0 info packets
[Info   :SIT.Tarkov.Core.PatchConstants] ReadyToStartGamePacket:Process
[Info   :SIT.Tarkov.Core.PatchConstants] SpawnPlayersPacket:Process
[Info   :CoopSITGame] Desired number of players reached. Starting the game.
[Info   :SIT.Tarkov.Core.PatchConstants] HostStartingGamePacket:Process
[Info   :CoopSITGame] Location: Woods
[Info   :DanW-QuestingBots] Max total bots on the map (Woods) at the same time: 20
[Info   :DanW-QuestingBots] Found 2 locked doors
[Info   :RequestHandler] Request GET json: 66065f180000d3643b8fce20:http://194.147.78.68:6969/QuestingBots/GetAllQuestTemplates
[Info   :RequestHandler] Request was successful
[Warning:DanW-QuestingBots] Waiting for LoadQuest until next frame... (Cycle times: 6, Total time: 7)
[Info   :DanW-QuestingBots] 9 initial PMC groups will be generated (Min: 9, Max: 13)
[Info   :DanW-QuestingBots] Max PMC's on the map (woods) at the same time: 8
[Info   :RequestHandler] Request GET json: 66065f180000d3643b8fce20:http://194.147.78.68:6969/QuestingBots/GetScavRaidSettings
[Info   :RequestHandler] Request was successful
[Info   :DanW-QuestingBots] Spawn times for 21 PScavs: 54:24, 19:28, 17:32, 58:23, 20:49, 28:31, 02:01, 54:11, 50:48, 48:57, 47:29, 45:57, 41:18, 27:42, 20:35, 14:50, 59:10, 48:25, 34:03, 10:03, 09:04
[Info   :DanW-QuestingBots] Max PScavs on the map (woods) at the same time: 8
[Info   :DanW-QuestingBots] Generating 9 PMCs...
[Info   :RequestHandler] Request GET json: 66065f180000d3643b8fce20:http://194.147.78.68:6969/QuestingBots/AdjustPMCConversionChances/0/True
[Info   :RequestHandler] Request was successful
[Info   :DanW-QuestingBots] Generating PMC group (Number of bots: 1)...
[Info   :CoopSITGame] vmethod_4.SessionRun
[Warning:DanW-QuestingBots] Waiting for LoadQuest until next frame...done. (Cycle times: 6, 7, 4, Total time: 1563)
[Info   :DanW-QuestingBots] Found trigger place_THX_15 for quest: Благодарность
[Info   :DanW-QuestingBots] Found trigger place_THX_15 for quest: Благодарность - Adding plant time: 20s
[Warning:DanW-QuestingBots] Waiting for ProcessTrigger until next frame... (Cycle times: 7, Total time: 7)
[Info   :SITAirdropsManager] Awake
[Info   :CoopSITGame] CreateExfiltrationPointAndInitDeathHandler
[Info   :DanW-QuestingBots] Found trigger place_keeper5_1 for quest: Ответная услуга
[Info   :DanW-QuestingBots] Found trigger place_keeper5_1 for quest: Ответная услуга - Adding plant time: 35s
[Info   :DanW-QuestingBots] Found trigger meh_45_radio_area_mark_1 for quest: Проверка - Часть 2
[Info   :DanW-QuestingBots] Found trigger huntsman_001 for quest: Поручение
[Info   :DanW-QuestingBots] Adjusting position for zone q14_8_5 to (-447.1, 0.8, 249.0)
[Info   :DanW-QuestingBots] Found trigger q14_8_5 for quest: Устойчивый сигнал
[Info   :DanW-QuestingBots] Adjusting position for zone meh_45_radio_area_mark_2 to (-156.1, 51.4, -273.3)
[Info   :DanW-QuestingBots] Found trigger meh_45_radio_area_mark_2 for quest: Проверка - Часть 2
[Info   :DanW-QuestingBots] Found trigger bar_fuel3_2 for quest: Кровь войны - Часть 3
[Info   :DanW-QuestingBots] Found trigger place_peacemaker_007_2_N2_1 for quest: Секта - Часть 2
[Info   :DanW-QuestingBots] Adjusting position for zone q14_8_3 to (-97.3, 12.7, -542.1)
[Info   :DanW-QuestingBots] Found trigger q14_8_3 for quest: Устойчивый сигнал
[Info   :DanW-QuestingBots] Found trigger place_keeper5_2 for quest: Ответная услуга
[Info   :DanW-QuestingBots] Found trigger place_keeper5_2 for quest: Ответная услуга - Adding plant time: 35s
[Info   :DanW-QuestingBots] Adjusting position for zone place_skier_11_1 to (31.1, -14.9, 83.0)
[Info   :DanW-QuestingBots] Found trigger place_skier_11_1 for quest: Осведомлён значит вооружён
[Info   :DanW-QuestingBots] Found trigger place_skier_11_1 for quest: Осведомлён значит вооружён - Adding plant time: 20s
[Info   :DanW-QuestingBots] Adjusting position for zone meh_45_radio_area_mark_4 to (446.3, -14.0, 69.2)
[Info   :DanW-QuestingBots] Found trigger meh_45_radio_area_mark_4 for quest: Проверка - Часть 2
[Info   :DanW-QuestingBots] Found trigger bar_fuel3_1 for quest: Кровь войны - Часть 3
[Info   :DanW-QuestingBots] Adjusting position for zone q14_8_1 to (412.2, 12.5, -608.5)
[Error  :DanW-QuestingBots] Cannot find NavMesh point for trigger q14_8_1
[Info   :DanW-QuestingBots] Adjusting position for zone q14_8_2 to (-209.2, 76.3, -279.8)
[Error  :DanW-QuestingBots] Cannot find NavMesh point for trigger q14_8_2
[Info   :DanW-QuestingBots] Adjusting position for zone meh_45_radio_area_mark_3 to (-157.6, 46.4, -233.2)
[Info   :DanW-QuestingBots] Found trigger meh_45_radio_area_mark_3 for quest: Проверка - Часть 2
[Info   :DanW-QuestingBots] Found trigger bar_fuel3_3 for quest: Кровь войны - Часть 3
[Info   :DanW-QuestingBots] Found trigger place_skier_12_3 for quest: Прикормка
[Info   :DanW-QuestingBots] Found trigger place_skier_12_3 for quest: Прикормка - Adding plant time: 20s
[Info   :DanW-QuestingBots] Found trigger place_peacemaker_007_2_N2 for quest: Секта - Часть 2
[Info   :DanW-QuestingBots] Adjusting position for zone pr_scout_col to (195.6, 11.0, -595.8)
[Info   :DanW-QuestingBots] Found trigger pr_scout_col for quest: Поисковая миссия
[Info   :DanW-QuestingBots] Found trigger huntsman_005_1 for quest: Путь выживальщика - Запасливый
[Info   :DanW-QuestingBots] Found trigger huntsman_005_1 for quest: Путь выживальщика - Запасливый - Adding plant time: 20s
[Info   :DanW-QuestingBots] Adjusting position for zone pr_scout_base to (283.1, 22.8, -439.4)
[Info   :DanW-QuestingBots] Found trigger pr_scout_base for quest: Поисковая миссия
[Info   :DanW-QuestingBots] Adjusting position for zone prapor_27_2 to (-189.1, -6.5, 232.2)
[Error  :DanW-QuestingBots] Cannot find NavMesh point for trigger prapor_27_2
[Info   :DanW-QuestingBots] Adjusting position for zone ter_015_area_1 to (-97.2, -15.4, 219.8)
[Info   :DanW-QuestingBots] Found trigger ter_015_area_1 for quest: Врачебная тайна - Часть 3
[Info   :DanW-QuestingBots] Adjusting position for zone quest_zone_keeper5 to (-184.3, 6.4, -255.9)
[Error  :DanW-QuestingBots] Cannot find NavMesh point for trigger quest_zone_keeper5
[Info   :DanW-QuestingBots] Adjusting position for zone q14_8_4 to (247.3, -10.3, 291.5)
[Info   :DanW-QuestingBots] Found trigger q14_8_4 for quest: Устойчивый сигнал
[Info   :DanW-QuestingBots] Found trigger huntsman_005_2 for quest: Путь выживальщика - Запасливый
[Info   :DanW-QuestingBots] Found trigger huntsman_005_2 for quest: Путь выживальщика - Запасливый - Adding plant time: 20s
[Warning:DanW-QuestingBots] Waiting for ProcessTrigger until next frame...done. (Cycle times: 7, 7, 7, 6, 7, 9, 8, 8, 6, 8, 9, 7, 7, 3, Total time: 17595)
[Info   :DanW-QuestingBots] Found Защищенный кейс для документов 0052 for quest Планы снабжения
[Warning:DanW-QuestingBots] Waiting for LocateQuestItems until next frame... (Cycle times: 6, Total time: 6)
[Info   :DanW-QuestingBots] Found Проба крови for quest Врачебная тайна - Часть 3
[Info   :DanW-QuestingBots] Found Контроллер мотора №1 for quest Лендлиз - Часть 1
[Info   :DanW-QuestingBots] Found Одноосный волоконно-оптический гироскоп №1 for quest Лендлиз - Часть 1
[Info   :DanW-QuestingBots] Found Зашифрованное сообщение for quest Поручение
[Warning:DanW-QuestingBots] Waiting for LocateQuestItems until next frame...done. (Cycle times: 6, 6, 7, 6, 3, Total time: 95)
[Warning:DanW-QuestingBots] Cannot find NavMesh position for spawn point (370.7, 17.3, -595.7)
[Warning:DanW-QuestingBots] Cannot find NavMesh position for spawn point (366.0, 13.9, -698.0)
[Warning:DanW-QuestingBots] Cannot find NavMesh position for spawn point (-615.0, 14.7, -329.0)
[Warning:DanW-QuestingBots] Cannot find NavMesh position for spawn point (518.4, -20.9, 264.3)
[Warning:DanW-QuestingBots] Cannot find NavMesh position for spawn point (-265.8, 10.6, -632.2)
[Warning:DanW-QuestingBots] Cannot find NavMesh position for spawn point (366.9, 18.2, -598.2)
[Warning:DanW-QuestingBots] Cannot find NavMesh position for spawn point (388.5, 13.2, -407.3)
[Warning:DanW-QuestingBots] Cannot find NavMesh position for spawn point (-611.9, 14.7, -331.8)
[Warning:DanW-QuestingBots] Cannot find NavMesh position for spawn point (-256.6, 10.6, -637.5)
[Warning:DanW-QuestingBots] Cannot find NavMesh position for spawn point (-260.3, 11.3, -631.9)
[Warning:DanW-QuestingBots] Cannot find NavMesh position for spawn point (371.0, 13.9, -700.0)
[Warning:DanW-QuestingBots] Cannot find NavMesh position for spawn point (369.8, 17.6, -597.5)
[Warning:DanW-QuestingBots] Cannot find NavMesh position for spawn point (368.6, 16.8, -588.1)
[Warning:DanW-QuestingBots] Cannot find NavMesh position for spawn point (367.1, 13.2, -703.0)
[Warning:DanW-QuestingBots] Cannot find NavMesh position for spawn point (-615.8, 14.7, -334.0)
[Warning:DanW-QuestingBots] Cannot find NavMesh position for spawn point (-616.8, 14.5, -324.5)
[Warning:DanW-QuestingBots] Cannot find NavMesh position for spawn point (518.0, -20.9, 260.7)
[Warning:DanW-QuestingBots] Cannot find NavMesh position for spawn point (-260.7, 10.4, -639.8)
[Warning:DanW-QuestingBots] Cannot find NavMesh position for spawn point (372.9, 15.3, -695.6)
[Warning:DanW-QuestingBots] Cannot find NavMesh position for spawn point (-621.0, 14.9, -328.7)
[Warning:DanW-QuestingBots] Cannot find NavMesh position for spawn point (391.6, 13.6, -400.8)
[Warning:DanW-QuestingBots] Cannot find NavMesh position for spawn point (365.6, 13.4, -700.8)
[Warning:DanW-QuestingBots] Cannot find NavMesh position for spawn point (389.7, 13.2, -403.9)
[Warning:DanW-QuestingBots] Cannot find NavMesh position for spawn point (367.4, 17.7, -594.9)
[Warning:DanW-QuestingBots] Cannot find NavMesh position for spawn point (391.5, 12.9, -406.4)
[Warning:DanW-QuestingBots] Cannot find NavMesh position for spawn point (516.8, -20.9, 264.4)
[Warning:DanW-QuestingBots] Cannot find NavMesh position for spawn point (515.2, -20.9, 264.4)
[Warning:DanW-QuestingBots] Cannot find NavMesh position for spawn point (388.4, 12.9, -410.3)
[Warning:DanW-QuestingBots] Cannot find NavMesh position for spawn point (515.2, -20.8, 261.5)
[Info   :RequestHandler] Request GET json: 66065f180000d3643b8fce20:http://194.147.78.68:6969/QuestingBots/GetLoggingPath
[Warning:DanW-QuestingBots] Could not get data for QuestingBots/GetLoggingPath
[Info   :RequestHandler] Request GET json: 66065f180000d3643b8fce20:http://194.147.78.68:6969/QuestingBots/GetLoggingPath
[Info   :RequestHandler] Request was successful
[Info   :DanW-QuestingBots] Finished loading quest data.
[Info   :ModulePatch] 23:17:45 Loading bot: Мэн Шиза profile from server. Role: assault Side: Savage
[Info   :ModulePatch] 23:17:45 Loading bot: Lua profile from server. Role: sptBear Side: Bear
[Info   :ModulePatch] 23:17:45 Loading bot: Паша Спартаковский profile from server. Role: assault Side: Savage
[Info   :ModulePatch] 23:17:45 Loading bot: Прокопий Сега profile from server. Role: assault Side: Savage
[Info   :ModulePatch] 23:17:45 Loading bot: Вантуз Жирный profile from server. Role: assault Side: Savage
[Info   :ModulePatch] 23:17:45 Loading bot: Костыль Чукча profile from server. Role: assault Side: Savage
[Info   :ModulePatch] 23:17:45 Loading bot: Марк Хорс profile from server. Role: marksman Side: Savage
[Info   :ModulePatch] 23:17:45 Loading bot: Лаг Пукан profile from server. Role: assault Side: Savage
[Info   :ModulePatch] 23:17:45 Loading bot: Микола Пух profile from server. Role: assault Side: Savage
[Info   :ModulePatch] 23:17:45 Loading bot: Агафон Любитель profile from server. Role: assault Side: Savage
[Info   :ModulePatch] 23:17:45 Loading bot: Александр Гондурас profile from server. Role: marksman Side: Savage
[Info   :ModulePatch] 23:17:45 Loading bot: Семён Джентельмен profile from server. Role: assault Side: Savage
[Info   :ModulePatch] 23:17:45 Loading bot: Гарри Пернатый profile from server. Role: assault Side: Savage
[Info   :ModulePatch] 23:17:45 Loading bot: Пахан Грузин profile from server. Role: assault Side: Savage
[Info   :ModulePatch] 23:17:45 Loading bot: Андрей Центровой profile from server. Role: assault Side: Savage
[Info   :ModulePatch] 23:17:45 Loading bot: Семён Забор profile from server. Role: marksman Side: Savage
[Info   :ModulePatch] 23:17:45 Loading bot: Арни Вроттердам profile from server. Role: assault Side: Savage
[Info   :ModulePatch] 23:17:45 Loading bot: Кондратий Бокс profile from server. Role: marksman Side: Savage
[Info   :SIT.Tarkov.Core.PatchConstants] SpawnPlayersPacket.CreateInformationPacketFromPlayer
[Info   :SIT.Tarkov.Core.PatchConstants] SpawnPlayersPacket:Process
[Info   :SIT.Tarkov.Core.PatchConstants] SpawnPlayersPacket.CreateInformationPacketFromPlayer
[Info   :DanW-QuestingBots] Initial spawn type for bot Марк Хорс (Name: Bot1, Level: 1): marksman
[Info   :DanW-QuestingBots] Spawned bot #1: Марк Хорс (Name: Bot1, Level: 1) (Savage)
[Info   :DanW-QuestingBots] Марк Хорс (Name: Bot1, Level: 1) is a Scav
[Info   :SIT.Tarkov.Core.PatchConstants] SpawnPlayersPacket:Process
[Info   :SIT.Tarkov.Core.PatchConstants] SpawnPlayersPacket.CreateInformationPacketFromPlayer
[Info   :SIT.Tarkov.Core.PatchConstants] SpawnPlayersPacket.CreateInformationPacketFromPlayer
[Info   :SIT.Tarkov.Core.PatchConstants] SpawnPlayersPacket:Process
[Info   :SIT.Tarkov.Core.PatchConstants] SpawnPlayersPacket:Process
[Info   :DanW-QuestingBots] Initial spawn type for bot Паша Спартаковский (Name: Bot2, Level: 1): assault
[Info   :DanW-QuestingBots] Spawned bot #2: Паша Спартаковский (Name: Bot2, Level: 1) (Savage)
[Info   :DanW-QuestingBots] Initial spawn type for bot Костыль Чукча (Name: Bot4, Level: 1): assault
[Info   :DanW-QuestingBots] Spawned bot #3: Костыль Чукча (Name: Bot4, Level: 1) (Savage)
[Info   :DanW-QuestingBots] Паша Спартаковский (Name: Bot2, Level: 1) is a Scav
[Info   :SIT.Tarkov.Core.PatchConstants] SpawnPlayersPacket.CreateInformationPacketFromPlayer
[Info   :DanW-QuestingBots] Initial spawn type for bot Андрей Центровой (Name: Bot3, Level: 1): assault
[Info   :DanW-QuestingBots] Spawned bot #4: Андрей Центровой (Name: Bot3, Level: 1) (Savage)
[Info   :DanW-QuestingBots] Костыль Чукча (Name: Bot4, Level: 1) is a Scav
[Info   :DanW-QuestingBots] Андрей Центровой (Name: Bot3, Level: 1) is a Scav
[Info   :SIT.Tarkov.Core.PatchConstants] SpawnPlayersPacket:Process
[Info   :SIT.Tarkov.Core.PatchConstants] SpawnPlayersPacket.CreateInformationPacketFromPlayer
[Info   :SIT.Tarkov.Core.PatchConstants] SpawnPlayersPacket.CreateInformationPacketFromPlayer
[Info   :SIT.Tarkov.Core.PatchConstants] SpawnPlayersPacket:Process
[Info   :SIT.Tarkov.Core.PatchConstants] SpawnPlayersPacket:Process
[Info   :DanW-QuestingBots] Initial spawn type for bot Агафон Любитель (Name: Bot5, Level: 1): assault
[Info   :DanW-QuestingBots] Spawned bot #5: Агафон Любитель (Name: Bot5, Level: 1) (Savage)
[Info   :DanW-QuestingBots] Агафон Любитель (Name: Bot5, Level: 1) is a Scav
[Info   :DanW-QuestingBots] Initial spawn type for bot Мэн Шиза (Name: Bot6, Level: 1): assault
[Info   :DanW-QuestingBots] Spawned bot #6: Мэн Шиза (Name: Bot6, Level: 1) (Savage)
[Info   :DanW-QuestingBots] Мэн Шиза (Name: Bot6, Level: 1) is a Scav
[Info   :DanW-QuestingBots] Initial spawn type for bot Вантуз Жирный (Name: Bot7, Level: 1): assault
[Info   :DanW-QuestingBots] Spawned bot #7: Вантуз Жирный (Name: Bot7, Level: 1) (Savage)
[Info   :DanW-QuestingBots] Вантуз Жирный (Name: Bot7, Level: 1) is a Scav
[Info   :SIT.Tarkov.Core.PatchConstants] SpawnPlayersPacket.CreateInformationPacketFromPlayer
[Info   :SIT.Tarkov.Core.PatchConstants] SpawnPlayersPacket:Process
[Info   :DanW-QuestingBots] Initial spawn type for bot Микола Пух (Name: Bot8, Level: 1): assault
[Info   :DanW-QuestingBots] Spawned bot #8: Микола Пух (Name: Bot8, Level: 1) (Savage)
[Info   :DanW-QuestingBots] Микола Пух (Name: Bot8, Level: 1) is a Scav
[Info   :SIT.Tarkov.Core.PatchConstants] SpawnPlayersPacket.CreateInformationPacketFromPlayer
[Info   :SIT.Tarkov.Core.PatchConstants] SpawnPlayersPacket:Process
[Info   :SIT.Tarkov.Core.PatchConstants] SpawnPlayersPacket.CreateInformationPacketFromPlayer
[Info   :SIT.Tarkov.Core.PatchConstants] SpawnPlayersPacket:Process
[Info   :SIT.Tarkov.Core.PatchConstants] SpawnPlayersPacket.CreateInformationPacketFromPlayer
[Info   :SIT.Tarkov.Core.PatchConstants] SpawnPlayersPacket.CreateInformationPacketFromPlayer
[Info   :SIT.Tarkov.Core.PatchConstants] SpawnPlayersPacket:Process
[Info   :DanW-QuestingBots] Initial spawn type for bot Гарри Пернатый (Name: Bot9, Level: 1): assault
[Info   :DanW-QuestingBots] Spawned bot #9: Гарри Пернатый (Name: Bot9, Level: 1) (Savage)
[Info   :DanW-QuestingBots] Гарри Пернатый (Name: Bot9, Level: 1) is a Scav
[Info   :SIT.Tarkov.Core.PatchConstants] SpawnPlayersPacket:Process
[Info   :DanW-QuestingBots] Initial spawn type for bot Семён Джентельмен (Name: Bot10, Level: 1): assault
[Info   :DanW-QuestingBots] Spawned bot #10: Семён Джентельмен (Name: Bot10, Level: 1) (Savage)
[Info   :DanW-QuestingBots] Семён Джентельмен (Name: Bot10, Level: 1) is a Scav
[Info   :DanW-QuestingBots] Initial spawn type for bot Лаг Пукан (Name: Bot11, Level: 1): assault
[Info   :DanW-QuestingBots] Spawned bot #11: Лаг Пукан (Name: Bot11, Level: 1) (Savage)
[Info   :DanW-QuestingBots] Лаг Пукан (Name: Bot11, Level: 1) is a Scav
[Info   :DanW-QuestingBots] Initial spawn type for bot Арни Вроттердам (Name: Bot12, Level: 1): assault
[Info   :DanW-QuestingBots] Spawned bot #12: Арни Вроттердам (Name: Bot12, Level: 1) (Savage)
[Info   :DanW-QuestingBots] Арни Вроттердам (Name: Bot12, Level: 1) is a Scav
[Info   :ModulePatch] 23:17:58 Loading bot: Генка Герой profile from server. Role: assault Side: Savage
[Info   :SIT.Tarkov.Core.PatchConstants] SpawnPlayersPacket.CreateInformationPacketFromPlayer
[Info   :SIT.Tarkov.Core.PatchConstants] SpawnPlayersPacket.CreateInformationPacketFromPlayer
[Info   :SIT.Tarkov.Core.PatchConstants] SpawnPlayersPacket:Process
[Info   :SIT.Tarkov.Core.PatchConstants] SpawnPlayersPacket:Process
[Info   :DanW-QuestingBots] Initial spawn type for bot Прокопий Сега (Name: Bot13, Level: 1): assaultGroup
[Info   :DanW-QuestingBots] Spawned bot #13: Прокопий Сега (Name: Bot13, Level: 1) (Savage)
[Info   :DanW-QuestingBots] Initial spawn type for bot Генка Герой (Name: Bot14, Level: 1): assaultGroup
[Info   :DanW-QuestingBots] Spawned bot #14: Генка Герой (Name: Bot14, Level: 1) (Savage)
[Info   :DanW-QuestingBots] Прокопий Сега (Name: Bot13, Level: 1) is a Boss
[Info   :DanW-QuestingBots] Генка Герой (Name: Bot14, Level: 1) is a Boss
[Info   :ModulePatch] 23:18:15 Loading bot: Виктор Шпингалет profile from server. Role: assault Side: Savage
[Info   :SIT.Tarkov.Core.PatchConstants] SpawnPlayersPacket.CreateInformationPacketFromPlayer
[Info   :SIT.Tarkov.Core.PatchConstants] SpawnPlayersPacket:Process
[Info   :DanW-QuestingBots] Initial spawn type for bot Пахан Грузин (Name: Bot15, Level: 1): assault
[Info   :DanW-QuestingBots] Spawned bot #15: Пахан Грузин (Name: Bot15, Level: 1) (Savage)
[Info   :DanW-QuestingBots] Пахан Грузин (Name: Bot15, Level: 1) is a Scav
[Info   :DanW-QuestingBots] Bot Генка Герой (Name: Bot14, Level: 1) is now a follower for Прокопий Сега (Name: Bot13, Level: 1)
[Info   :ModulePatch] 23:18:25 Loading bot: Кирилл Десинк profile from server. Role: assault Side: Savage
[Info   :ModulePatch] 23:18:30 Loading bot: Деня Перегар profile from server. Role: assault Side: Savage
[Info   :SIT.Tarkov.Core.PatchConstants] SpawnPlayersPacket.CreateInformationPacketFromPlayer
[Info   :SIT.Tarkov.Core.PatchConstants] SpawnPlayersPacket.CreateInformationPacketFromPlayer
[Info   :SIT.Tarkov.Core.PatchConstants] SpawnPlayersPacket:Process
[Info   :SIT.Tarkov.Core.PatchConstants] SpawnPlayersPacket:Process
[Info   :DanW-QuestingBots] Initial spawn type for bot Кирилл Десинк (Name: Bot17, Level: 1): assaultGroup
[Info   :DanW-QuestingBots] Spawned bot #16: Кирилл Десинк (Name: Bot17, Level: 1) (Savage)
[Info   :DanW-QuestingBots] Кирилл Десинк (Name: Bot17, Level: 1) is a Boss
[Info   :DanW-QuestingBots] Initial spawn type for bot Виктор Шпингалет (Name: Bot16, Level: 1): assaultGroup
[Info   :DanW-QuestingBots] Spawned bot #17: Виктор Шпингалет (Name: Bot16, Level: 1) (Savage)
[Info   :DanW-QuestingBots] Виктор Шпингалет (Name: Bot16, Level: 1) is a Boss
[Info   :LootingBots] ([assaultGroup] Bot14) Loot found: Бронеплита Monoclete level III PE (18620₽)
[Info   :SIT.Tarkov.Core.PatchConstants] SpawnPlayersPacket.CreateInformationPacketFromPlayer
[Info   :SIT.Tarkov.Core.PatchConstants] SpawnPlayersPacket:Process
[Info   :LootingBots] ([assaultGroup] Bot14) Loot found: Направляющая Kiba Arms "SPRM" для помповых ружей (3285₽)
[Info   :DanW-QuestingBots] Initial spawn type for bot Деня Перегар (Name: Bot18, Level: 1): assault
[Info   :DanW-QuestingBots] Spawned bot #18: Деня Перегар (Name: Bot18, Level: 1) (Savage)
[Info   :DanW-QuestingBots] Деня Перегар (Name: Bot18, Level: 1) is a Scav
[Info   :LootingBots] ([assaultGroup] Bot14) Loot found: Дульный тормоз Thunder Beast Arms "30CB" 7.62x51 для AR-10 (7280₽)
[Warning:LootingBots] ([assaultGroup] Bot14) Picking up: Дульный тормоз Thunder Beast Arms "30CB" 7.62x51 для AR-10 [place: Разгрузочный жилет с бронепластинами 6Б5-15 Ж-86 "Улей" (Флора)]
[Warning:LootingBots] ([assaultGroup] Bot14) Updating weapons
[Warning:LOOTING BOTS] Loot Task Ended, Result: Success
[Info   :LootingBots] ([assaultGroup] Bot13) Loot found: Шлем ССШ-94 "СФЕРА-С" (1600₽)
[Info   :LootingBots] ([assaultGroup] Bot13) Loot found: Пламегаситель SureFire "SF3P" 5.56x45 для AR-15 (6420₽)
[Warning:LootingBots] ([assaultGroup] Bot13) Picking up: Пламегаситель SureFire "SF3P" 5.56x45 для AR-15 [place: Рюкзак Flyye "MBSS" (UCP)]
[Info   :CoopPlayer] Creating PlayerInteractWithDoorPacket packet
[Info   :CoopPlayer] Sending PlayerInteractWithDoorPacket packet
[Info   :LootingBots] ([assaultGroup] Bot13) Loot found: Магазин Magpul "PMAG 10 GEN M3 STANAG" на 10 патронов 5.56x45 (2001₽)
[Info   :LootingBots] ([assaultGroup] Bot13) Loot found: Цевье Quad Rail для SA-58 (8637₽)
[Warning:LootingBots] ([assaultGroup] Bot13) Picking up: Цевье Quad Rail для SA-58 [place: Рюкзак Flyye "MBSS" (UCP)]
[Info   :LootingBots] ([assaultGroup] Bot13) Loot found: Пистолет Glock 17 9x19 (7254₽)
[Warning:LootingBots] ([assaultGroup] Bot13) Updating weapons
[Warning:LOOTING BOTS] Loot Task Ended, Result: Success
[Warning:LootingBots] Clearing any active player loot
[Info   :CoopPlayer] Creating PlayerInteractWithDoorPacket packet
[Info   :CoopPlayer] Sending PlayerInteractWithDoorPacket packet
[Warning:LootingBots] Clearing any active player loot
[Info   :LootingBots] ([assaultGroup] Bot14) Loot found: Шлем ССШ-94 "СФЕРА-С" (1600₽)
[Info   :LootingBots] ([assaultGroup] Bot14) Loot found: Магазин Magpul "PMAG 10 GEN M3 STANAG" на 10 патронов 5.56x45 (2001₽)
[Warning:LootingBots] ([assaultGroup] Bot14) Updating weapons
[Warning:LOOTING BOTS] Loot Task Ended, Result: Success
[Info   :CoopPlayer] Creating PlayerInteractWithDoorPacket packet
[Info   :CoopPlayer] Sending PlayerInteractWithDoorPacket packet
[Warning:LootingBots] Clearing any active player loot
[Info   :DanW-QuestingBots] Generating PMC group (Number of bots: 1)...
[Info   :CoopSITGame] CoopGame.Stop
[Info   :DanW-QuestingBots] Disabling SPTQuestingBots.Components.DebugData...
[Info   :DanW-QuestingBots] Disabling SPTQuestingBots.Components.Spawning.PMCGenerator...
[Info   :DanW-QuestingBots] Disabling SPTQuestingBots.Components.Spawning.PScavGenerator...
[Info   :DanW-QuestingBots] Writing quest log file...
[Error  :DanW-QuestingBots] Writing quest log file...failed!
[Error  :DanW-QuestingBots] System.UnauthorizedAccessException: Access to the path "C:\Users\Administrator" is denied.
  at System.IO.Directory.CreateDirectoriesInternal (System.String path) [0x0005e] in <eae584ce26bc40229c1b1aa476bfa589>:0 
  at System.IO.Directory.CreateDirectory (System.String path) [0x0008f] in <eae584ce26bc40229c1b1aa476bfa589>:0 
  at System.IO.DirectoryInfo.Create () [0x00000] in <eae584ce26bc40229c1b1aa476bfa589>:0 
  at (wrapper remoting-invoke-with-check) System.IO.DirectoryInfo.Create()
  at System.IO.Directory.CreateDirectoriesInternal (System.String path) [0x00036] in <eae584ce26bc40229c1b1aa476bfa589>:0 
  at System.IO.Directory.CreateDirectory (System.String path) [0x0008f] in <eae584ce26bc40229c1b1aa476bfa589>:0 
  at System.IO.DirectoryInfo.Create () [0x00000] in <eae584ce26bc40229c1b1aa476bfa589>:0 
  at (wrapper remoting-invoke-with-check) System.IO.DirectoryInfo.Create()
  at System.IO.Directory.CreateDirectoriesInternal (System.String path) [0x00036] in <eae584ce26bc40229c1b1aa476bfa589>:0 
  at System.IO.Directory.CreateDirectory (System.String path) [0x0008f] in <eae584ce26bc40229c1b1aa476bfa589>:0 
  at System.IO.DirectoryInfo.Create () [0x00000] in <eae584ce26bc40229c1b1aa476bfa589>:0 
  at (wrapper remoting-invoke-with-check) System.IO.DirectoryInfo.Create()
  at System.IO.Directory.CreateDirectoriesInternal (System.String path) [0x00036] in <eae584ce26bc40229c1b1aa476bfa589>:0 
  at System.IO.Directory.CreateDirectory (System.String path) [0x0008f] in <eae584ce26bc40229c1b1aa476bfa589>:0 
  at System.IO.DirectoryInfo.Create () [0x00000] in <eae584ce26bc40229c1b1aa476bfa589>:0 
  at (wrapper remoting-invoke-with-check) System.IO.DirectoryInfo.Create()
  at System.IO.Directory.CreateDirectoriesInternal (System.String path) [0x00036] in <eae584ce26bc40229c1b1aa476bfa589>:0 
  at System.IO.Directory.CreateDirectory (System.String path) [0x0008f] in <eae584ce26bc40229c1b1aa476bfa589>:0 
  at System.IO.DirectoryInfo.Create () [0x00000] in <eae584ce26bc40229c1b1aa476bfa589>:0 
  at (wrapper remoting-invoke-with-check) System.IO.DirectoryInfo.Create()
  at System.IO.Directory.CreateDirectoriesInternal (System.String path) [0x00036] in <eae584ce26bc40229c1b1aa476bfa589>:0 
  at System.IO.Directory.CreateDirectory (System.String path) [0x0008f] in <eae584ce26bc40229c1b1aa476bfa589>:0 
  at System.IO.DirectoryInfo.Create () [0x00000] in <eae584ce26bc40229c1b1aa476bfa589>:0 
  at (wrapper remoting-invoke-with-check) System.IO.DirectoryInfo.Create()
  at System.IO.Directory.CreateDirectoriesInternal (System.String path) [0x00036] in <eae584ce26bc40229c1b1aa476bfa589>:0 
  at System.IO.Directory.CreateDirectory (System.String path) [0x0008f] in <eae584ce26bc40229c1b1aa476bfa589>:0 
  at SPTQuestingBots.Controllers.LoggingController.CreateLogFile (System.String logName, System.String filename, System.String content) [0x00011] in <fd818adf1af3464baef014ed5d2a6b71>:0 
[Info   :DanW-QuestingBots] Writing bot job assignment log file...
[Error  :DanW-QuestingBots] Writing bot job assignment log file...failed!
[Error  :DanW-QuestingBots] System.UnauthorizedAccessException: Access to the path "C:\Users\Administrator" is denied.
  at System.IO.Directory.CreateDirectoriesInternal (System.String path) [0x0005e] in <eae584ce26bc40229c1b1aa476bfa589>:0 
  at System.IO.Directory.CreateDirectory (System.String path) [0x0008f] in <eae584ce26bc40229c1b1aa476bfa589>:0 
  at System.IO.DirectoryInfo.Create () [0x00000] in <eae584ce26bc40229c1b1aa476bfa589>:0 
  at (wrapper remoting-invoke-with-check) System.IO.DirectoryInfo.Create()
  at System.IO.Directory.CreateDirectoriesInternal (System.String path) [0x00036] in <eae584ce26bc40229c1b1aa476bfa589>:0 
  at System.IO.Directory.CreateDirectory (System.String path) [0x0008f] in <eae584ce26bc40229c1b1aa476bfa589>:0 
  at System.IO.DirectoryInfo.Create () [0x00000] in <eae584ce26bc40229c1b1aa476bfa589>:0 
  at (wrapper remoting-invoke-with-check) System.IO.DirectoryInfo.Create()
  at System.IO.Directory.CreateDirectoriesInternal (System.String path) [0x00036] in <eae584ce26bc40229c1b1aa476bfa589>:0 
  at System.IO.Directory.CreateDirectory (System.String path) [0x0008f] in <eae584ce26bc40229c1b1aa476bfa589>:0 
  at System.IO.DirectoryInfo.Create () [0x00000] in <eae584ce26bc40229c1b1aa476bfa589>:0 
  at (wrapper remoting-invoke-with-check) System.IO.DirectoryInfo.Create()
  at System.IO.Directory.CreateDirectoriesInternal (System.String path) [0x00036] in <eae584ce26bc40229c1b1aa476bfa589>:0 
  at System.IO.Directory.CreateDirectory (System.String path) [0x0008f] in <eae584ce26bc40229c1b1aa476bfa589>:0 
  at System.IO.DirectoryInfo.Create () [0x00000] in <eae584ce26bc40229c1b1aa476bfa589>:0 
  at (wrapper remoting-invoke-with-check) System.IO.DirectoryInfo.Create()
  at System.IO.Directory.CreateDirectoriesInternal (System.String path) [0x00036] in <eae584ce26bc40229c1b1aa476bfa589>:0 
  at System.IO.Directory.CreateDirectory (System.String path) [0x0008f] in <eae584ce26bc40229c1b1aa476bfa589>:0 
  at System.IO.DirectoryInfo.Create () [0x00000] in <eae584ce26bc40229c1b1aa476bfa589>:0 
  at (wrapper remoting-invoke-with-check) System.IO.DirectoryInfo.Create()
  at System.IO.Directory.CreateDirectoriesInternal (System.String path) [0x00036] in <eae584ce26bc40229c1b1aa476bfa589>:0 
  at System.IO.Directory.CreateDirectory (System.String path) [0x0008f] in <eae584ce26bc40229c1b1aa476bfa589>:0 
  at System.IO.DirectoryInfo.Create () [0x00000] in <eae584ce26bc40229c1b1aa476bfa589>:0 
  at (wrapper remoting-invoke-with-check) System.IO.DirectoryInfo.Create()
  at System.IO.Directory.CreateDirectoriesInternal (System.String path) [0x00036] in <eae584ce26bc40229c1b1aa476bfa589>:0 
  at System.IO.Directory.CreateDirectory (System.String path) [0x0008f] in <eae584ce26bc40229c1b1aa476bfa589>:0 
  at SPTQuestingBots.Controllers.LoggingController.CreateLogFile (System.String logName, System.String filename, System.String content) [0x00011] in <fd818adf1af3464baef014ed5d2a6b71>:0 
[Info   :ModulePatch] 23:19:15 Loading bot: nohurry profile from server. Role: sptUsec Side: Usec
[Info   :ModulePatch] Saving Profile...
[Error  :SIT.Tarkov.Core.PatchConstants] Attempted to use GetCoopGameComponent before SITGameComponent has been created.
[Error  :SIT.Tarkov.Core.PatchConstants] Attempted to use GetCoopGameComponent before SITGameComponent has been created.
[Error  :SIT.Tarkov.Core.PatchConstants] Attempted to use GetServerId before SITGameComponent has been created.
[Error  :DanW-QuestingBots] Object reference not set to an instance of an object
[Error  :DanW-QuestingBots]   at SPTQuestingBots.Components.Spawning.PMCGenerator.getRaidTimeRemainingFraction () [0x00000] in <fd818adf1af3464baef014ed5d2a6b71>:0 
  at SPTQuestingBots.Components.Spawning.PMCGenerator+<<GenerateBotGroup>b__7_0>d.MoveNext () [0x0002e] in <fd818adf1af3464baef014ed5d2a6b71>:0 
--- End of stack trace from previous location where exception was thrown ---
  at System.Runtime.ExceptionServices.ExceptionDispatchInfo.Throw () [0x0000c] in <eae584ce26bc40229c1b1aa476bfa589>:0 
  at System.Runtime.CompilerServices.TaskAwaiter.ThrowForNonSuccess (System.Threading.Tasks.Task task) [0x0003e] in <eae584ce26bc40229c1b1aa476bfa589>:0 
  at System.Runtime.CompilerServices.TaskAwaiter.HandleNonSuccessAndDebuggerNotification (System.Threading.Tasks.Task task) [0x00028] in <eae584ce26bc40229c1b1aa476bfa589>:0 
  at System.Runtime.CompilerServices.TaskAwaiter.ValidateEnd (System.Threading.Tasks.Task task) [0x00008] in <eae584ce26bc40229c1b1aa476bfa589>:0 
  at System.Runtime.CompilerServices.TaskAwaiter`1[TResult].GetResult () [0x00000] in <eae584ce26bc40229c1b1aa476bfa589>:0 
  at SPTQuestingBots.Components.Spawning.BotGenerator+<>c__DisplayClass98_0+<<generateAllBotsTask>b__0>d.MoveNext () [0x000f5] in <fd818adf1af3464baef014ed5d2a6b71>:0 
[Error  :DanW-QuestingBots] Only 2 of 9 PMCs were generated due to an error.
[Info   :RequestHandler] Request GET json: 66065f180000d3643b8fce20:http://194.147.78.68:6969/QuestingBots/ReportError/Only 2 of 9 PMCs were generated due to an error.
[Info   :RequestHandler] Request was successful
[Info   :DanW-QuestingBots] Generating 21 PScavs...
[Info   :RequestHandler] Request GET json: 66065f180000d3643b8fce20:http://194.147.78.68:6969/QuestingBots/AdjustPMCConversionChances/0/True
[Info   :RequestHandler] Request was successful
[Info   :DanW-QuestingBots] Generating PScav group (Number of bots: 1)...
[Info   :ModulePatch] 23:19:28 Loading bot: Петр Шайтан (Reis) profile from server. Role: assault Side: Savage
[Info   :DanW-QuestingBots] Generating PScav group (Number of bots: 1)...
[Info   :ModulePatch] 23:19:28 Loading bot: Филя Клей (Draku) profile from server. Role: assault Side: Savage
[Info   :DanW-QuestingBots] Generating PScav group (Number of bots: 1)...
[Info   :ModulePatch] 23:19:29 Loading bot: Марк Тусовщик (Ilhsiek) profile from server. Role: assault Side: Savage
[Info   :DanW-QuestingBots] Generating PScav group (Number of bots: 1)...
[Info   :ModulePatch] 23:19:30 Loading bot: Джонатан Герой (大熊) profile from server. Role: assault Side: Savage
[Info   :DanW-QuestingBots] Generating PScav group (Number of bots: 1)...
[Info   :MoreCheckmarks] Loading data
[Info   :MoreCheckmarks] 	Quests
[Info   :RequestHandler] Request GET json: 66065f180000d3643b8fce20:http://194.147.78.68:6969/MoreCheckmarksRoutes/quests
[Info   :RequestHandler] Request was successful
[Info   :MoreCheckmarks] 	Items
[Info   :MoreCheckmarks] 	Assorts
[Info   :RequestHandler] Request GET json: 66065f180000d3643b8fce20:http://194.147.78.68:6969/MoreCheckmarksRoutes/assorts
[Info   :RequestHandler] Request was successful
[Info   :MoreCheckmarks] 	Productions
[Info   :RequestHandler] Request GET json: 66065f180000d3643b8fce20:http://194.147.78.68:6969/MoreCheckmarksRoutes/productions
[Info   :RequestHandler] Request was successful
[Info   :ModulePatch] 23:19:31 Loading bot: Андрей Верстак (Terkoiz) profile from server. Role: assault Side: Savage
[Info   :MoreCheckmarks] Quest Проба пера queststatus set to Success
[Info   :MoreCheckmarks] Quest Проверка на вшивость queststatus set to Success
[Info   :MoreCheckmarks] Quest Пикник со стрельбой queststatus set to Started
[Info   :MoreCheckmarks] Quest Посылка из прошлого queststatus set to Success
[Info   :MoreCheckmarks] Quest Дефицит queststatus set to Success
[Info   :MoreCheckmarks] Quest Санэпиднадзор - Часть 1 queststatus set to Success
[Info   :MoreCheckmarks] Quest Операция "Водолей" - Часть 1 queststatus set to Success
[Info   :MoreCheckmarks] Quest Операция "Водолей" - Часть 2 queststatus set to Started
[Info   :MoreCheckmarks] Quest Санэпиднадзор - Часть 2 queststatus set to Started
[Info   :MoreCheckmarks] Quest Снабженец queststatus set to Success
[Info   :MoreCheckmarks] Quest Вымогатель queststatus set to Success
[Info   :MoreCheckmarks] Quest Движуха queststatus set to Started
[Info   :MoreCheckmarks] Quest Что на флешке? queststatus set to Started
[Info   :MoreCheckmarks] Quest Нефтянка queststatus set to Started
[Info   :MoreCheckmarks] Quest Друг с Запада - Часть 1 queststatus set to Success
[Info   :MoreCheckmarks] Quest Друг с Запада - Часть 2 queststatus set to Started
[Info   :MoreCheckmarks] Quest Оружейник - Часть 1 queststatus set to Started
[Info   :MoreCheckmarks] Quest Тарковский стрелок - Часть 1 queststatus set to Started
[Info   :MoreCheckmarks] Quest Тарковский стрелок - Часть 2 queststatus set to Started
[Info   :MoreCheckmarks] Quest Поручение queststatus set to Success
[Info   :MoreCheckmarks] Quest Знакомство queststatus set to Success
[Info   :MoreCheckmarks] Quest Путь выживальщика - Беззащитен, но опасен queststatus set to Started
[Info   :MoreCheckmarks] Quest Поисковая миссия queststatus set to Success
[Info   :MoreCheckmarks] Quest Первый в очереди queststatus set to Success
[Info   :MoreCheckmarks] Quest Стрельба по баночкам queststatus set to Success
[Info   :MoreCheckmarks] Quest Роскошная жизнь queststatus set to Success
[Info   :MoreCheckmarks] Quest По коням queststatus set to Success
[Info   :MoreCheckmarks] Quest Спасение крота queststatus set to Success
[Info   :MoreCheckmarks] Quest Устранение queststatus set to AvailableForStart
[Info   :MoreCheckmarks] Quest Выйти с локации queststatus set to AvailableForStart
[Info   :MoreCheckmarks] Quest Устранение queststatus set to AvailableForStart
[Info   :DanW-QuestingBots] Generating PScav group (Number of bots: 1)...
[Info   :ModulePatch] 23:19:31 Loading bot: Илья Фуфел (jennacide) profile from server. Role: assault Side: Savage
[Info   :DanW-QuestingBots] Generating PScav group (Number of bots: 1)...
[Info   :ModulePatch] 23:19:33 Loading bot: Илья Овальный (RaiRaiTheRaichu) profile from server. Role: assault Side: Savage
[Info   :DanW-QuestingBots] Generating PScav group (Number of bots: 1)...
[Info   :ModulePatch] 23:19:33 Loading bot: Ярик Сопля (Draku) profile from server. Role: assault Side: Savage
[Info   :DanW-QuestingBots] Generating PScav group (Number of bots: 1)...
[Info   :ModulePatch] 23:19:34 Loading bot: Кондратий Бесовской (epidemicz) profile from server. Role: assault Side: Savage
[Info   :DanW-QuestingBots] Generating PScav group (Number of bots: 1)...
[Info   :ModulePatch] 23:19:34 Loading bot: Пётр Ортопед (Refringe) profile from server. Role: assault Side: Savage
[Info   :DanW-QuestingBots] Generating PScav group (Number of bots: 1)...
[Info   :ModulePatch] 23:19:35 Loading bot: Донатий Золотой (jfetko) profile from server. Role: assault Side: Savage
[Info   :DanW-QuestingBots] Generating PScav group (Number of bots: 1)...
[Info   :ModulePatch] 23:19:35 Loading bot: Никита Бугор (TorturedChunk) profile from server. Role: assault Side: Savage
[Info   :DanW-QuestingBots] Generating PScav group (Number of bots: 1)...
[Info   :ModulePatch] 23:19:36 Loading bot: Гога Пернатый (RyuAzuku) profile from server. Role: assault Side: Savage
[Info   :DanW-QuestingBots] Generating PScav group (Number of bots: 1)...
[Info   :ModulePatch] 23:19:36 Loading bot: Филипп Легаш (halik92) profile from server. Role: assault Side: Savage
[Info   :DanW-QuestingBots] Generating PScav group (Number of bots: 1)...
[Info   :ModulePatch] 23:19:36 Loading bot: Игорян Герой (halik92) profile from server. Role: assault Side: Savage
[Info   :DanW-QuestingBots] Generating PScav group (Number of bots: 1)...
[Info   :ModulePatch] 23:19:37 Loading bot: Вантуз Саратовский (MusicManiac) profile from server. Role: assault Side: Savage
[Info   :DanW-QuestingBots] Generating PScav group (Number of bots: 3)...
[Info   :ModulePatch] 23:19:37 Loading bot: Сява Приезжий (Swankyorc) profile from server. Role: assault Side: Savage
[Info   :ModulePatch] 23:19:37 Loading bot: Русик Вавилон (大熊) profile from server. Role: assault Side: Savage
[Info   :ModulePatch] 23:19:38 Loading bot: Лёха Пиздюли (Extrenz Arnautov) profile from server. Role: assault Side: Savage
[Info   :DanW-QuestingBots] Generating PScav group (Number of bots: 1)...
[Info   :ModulePatch] 23:19:38 Loading bot: Кирилл Фриц (Borkel) profile from server. Role: assault Side: Savage
[Info   :DanW-QuestingBots] Generating PScav group (Number of bots: 1)...
[Info   :ModulePatch] 23:19:39 Loading bot: Николай Колпак (Agnotology) profile from server. Role: assault Side: Savage
[Info   :DanW-QuestingBots] Generating 21 PScavs...done.
